<html>
<head>
<title>TestNG:  Test Hadir User</title>
<link href="../testng.css" rel="stylesheet" type="text/css" />
<link href="../my-testng.css" rel="stylesheet" type="text/css" />

<style type="text/css">
.log { display: none;} 
.stack-trace { display: none;} 
</style>
<script type="text/javascript">
<!--
function flip(e) {
  current = e.style.display;
  if (current == 'block') {
    e.style.display = 'none';
    return 0;
  }
  else {
    e.style.display = 'block';
    return 1;
  }
}

function toggleBox(szDivId, elem, msg1, msg2)
{
  var res = -1;  if (document.getElementById) {
    res = flip(document.getElementById(szDivId));
  }
  else if (document.all) {
    // this is the way old msie versions work
    res = flip(document.all[szDivId]);
  }
  if(elem) {
    if(res == 0) elem.innerHTML = msg1; else elem.innerHTML = msg2;
  }

}

function toggleAllBoxes() {
  if (document.getElementsByTagName) {
    d = document.getElementsByTagName('div');
    for (i = 0; i < d.length; i++) {
      if (d[i].className == 'log') {
        flip(d[i]);
      }
    }
  }
}

// -->
</script>

</head>
<body>
<h2 align='center'>Test Hadir User</h2><table border='1' align="center">
<tr>
<td>Tests passed/Failed/Skipped:</td><td>30/3/0</td>
</tr><tr>
<td>Started on:</td><td>Mon Mar 03 18:23:01 WIB 2025</td>
</tr>
<tr><td>Total time:</td><td>752 seconds (752142 ms)</td>
</tr><tr>
<td>Included groups:</td><td></td>
</tr><tr>
<td>Excluded groups:</td><td></td>
</tr>
</table><p/>
<small><i>(Hover the method name to see the test class name)</i></small><p/>
<table width='100%' border='1' class='invocation-failed'>
<tr><td colspan='4' align='center'><b>FAILED TESTS</b></td></tr>
<tr><td><b>Test method</b></td>
<td><b>Attribute(s)</b></td>
<td width="30%"><b>Exception</b></td>
<td width="10%"><b>Time (seconds)</b></td>
<td><b>Instance</b></td>
</tr>
<tr>
<td title='com.aplikasihadir.runners.RunnerTest.runScenario()'><b>runScenario</b><br>Test class: com.aplikasihadir.runners.RunnerTest<br>Test method: Runs Cucumber Scenarios<br>Parameters: "Admin menambahkan posisi baru", "Tambah Posisi"</td>
<td><div><pre>org.openqa.selenium.NoSuchElementException: no such element: Unable to locate element: {&quot;method&quot;:&quot;xpath&quot;,&quot;selector&quot;:&quot;//input[@id = &apos;name&apos; and @name = &apos;name&apos; and @placeholder = &apos;Nama Position&apos; and @type = &apos;text&apos;]&quot;}
  (Session info: chrome=133.0.6943.142)
For documentation on this error, please visit: https://www.selenium.dev/documentation/webdriver/troubleshooting/errors#no-such-element-exception
Build info: version: &apos;4.27.0&apos;, revision: &apos;d6e718d134&apos;
System info: os.name: &apos;Windows 11&apos;, os.arch: &apos;amd64&apos;, os.version: &apos;10.0&apos;, java.version: &apos;17.0.12&apos;
Driver info: org.openqa.selenium.chrome.ChromeDriver
Command: [4b3f5d7c3a7aa9c8129c7a9b7d0ec408, findElement {using=xpath, value=//input[@id = &apos;name&apos; and @name = &apos;name&apos; and @placeholder = &apos;Nama Position&apos; and @type = &apos;text&apos;]}]
Capabilities {acceptInsecureCerts: false, browserName: chrome, browserVersion: 133.0.6943.142, chrome: {chromedriverVersion: 133.0.6943.141 (2a5d6da0d61..., userDataDir: C:\Users\GLENAD~1\AppData\L...}, fedcm:accounts: true, goog:chromeOptions: {debuggerAddress: localhost:51764}, networkConnectionEnabled: false, pageLoadStrategy: normal, platformName: windows, proxy: Proxy(), se:cdp: ws://localhost:51764/devtoo..., se:cdpVersion: 133.0.6943.142, setWindowRect: true, strictFileInteractability: false, timeouts: {implicit: 0, pageLoad: 300000, script: 30000}, unhandledPromptBehavior: dismiss and notify, webauthn:extension:credBlob: true, webauthn:extension:largeBlob: true, webauthn:extension:minPinLength: true, webauthn:extension:prf: true, webauthn:virtualAuthenticators: true}
Session ID: 4b3f5d7c3a7aa9c8129c7a9b7d0ec408
	at org.openqa.selenium.remote.ErrorCodec.decode(ErrorCodec.java:167)
	at org.openqa.selenium.remote.codec.w3c.W3CHttpResponseCodec.decode(W3CHttpResponseCodec.java:138)
	at org.openqa.selenium.remote.codec.w3c.W3CHttpResponseCodec.decode(W3CHttpResponseCodec.java:50)
	at org.openqa.selenium.remote.HttpCommandExecutor.execute(HttpCommandExecutor.java:190)
	at org.openqa.selenium.remote.service.DriverCommandExecutor.invokeExecute(DriverCommandExecutor.java:216)
	at org.openqa.selenium.remote.service.DriverCommandExecutor.execute(DriverCommandExecutor.java:174)
	at org.openqa.selenium.remote.RemoteWebDriver.execute(RemoteWebDriver.java:545)
	at org.openqa.selenium.remote.ElementLocation$ElementFinder$2.findElement(ElementLocation.java:165)
	at org.openqa.selenium.remote.ElementLocation.findElement(ElementLocation.java:59)
	at org.openqa.selenium.remote.RemoteWebDriver.findElement(RemoteWebDriver.java:368)
	at org.openqa.selenium.remote.RemoteWebDriver.findElement(RemoteWebDriver.java:362)
	at com.aplikasihadir.steps.posisi.posisidefinition.step07(posisidefinition.java:69)
	at ?.Posisi berhasil ditambahkan(file:///G:/applications/Java-program/Aplikasi%20Hadir-Revisi/src/test/resources/features/10_TambahPosisi.feature:12)
... Removed 5 stack frames</pre></div><a href='#' onClick='toggleBox("stack-trace1710607075", this, "Click to show all stack frames", "Click to hide stack frames")'>Click to show all stack frames</a>
<div class='stack-trace' id='stack-trace1710607075'><pre>org.openqa.selenium.NoSuchElementException: no such element: Unable to locate element: {&quot;method&quot;:&quot;xpath&quot;,&quot;selector&quot;:&quot;//input[@id = &apos;name&apos; and @name = &apos;name&apos; and @placeholder = &apos;Nama Position&apos; and @type = &apos;text&apos;]&quot;}
  (Session info: chrome=133.0.6943.142)
For documentation on this error, please visit: https://www.selenium.dev/documentation/webdriver/troubleshooting/errors#no-such-element-exception
Build info: version: &apos;4.27.0&apos;, revision: &apos;d6e718d134&apos;
System info: os.name: &apos;Windows 11&apos;, os.arch: &apos;amd64&apos;, os.version: &apos;10.0&apos;, java.version: &apos;17.0.12&apos;
Driver info: org.openqa.selenium.chrome.ChromeDriver
Command: [4b3f5d7c3a7aa9c8129c7a9b7d0ec408, findElement {using=xpath, value=//input[@id = &apos;name&apos; and @name = &apos;name&apos; and @placeholder = &apos;Nama Position&apos; and @type = &apos;text&apos;]}]
Capabilities {acceptInsecureCerts: false, browserName: chrome, browserVersion: 133.0.6943.142, chrome: {chromedriverVersion: 133.0.6943.141 (2a5d6da0d61..., userDataDir: C:\Users\GLENAD~1\AppData\L...}, fedcm:accounts: true, goog:chromeOptions: {debuggerAddress: localhost:51764}, networkConnectionEnabled: false, pageLoadStrategy: normal, platformName: windows, proxy: Proxy(), se:cdp: ws://localhost:51764/devtoo..., se:cdpVersion: 133.0.6943.142, setWindowRect: true, strictFileInteractability: false, timeouts: {implicit: 0, pageLoad: 300000, script: 30000}, unhandledPromptBehavior: dismiss and notify, webauthn:extension:credBlob: true, webauthn:extension:largeBlob: true, webauthn:extension:minPinLength: true, webauthn:extension:prf: true, webauthn:virtualAuthenticators: true}
Session ID: 4b3f5d7c3a7aa9c8129c7a9b7d0ec408
	at java.base/jdk.internal.reflect.NativeConstructorAccessorImpl.newInstance0(Native Method)
	at java.base/jdk.internal.reflect.NativeConstructorAccessorImpl.newInstance(NativeConstructorAccessorImpl.java:77)
	at java.base/jdk.internal.reflect.DelegatingConstructorAccessorImpl.newInstance(DelegatingConstructorAccessorImpl.java:45)
	at java.base/java.lang.reflect.Constructor.newInstanceWithCaller(Constructor.java:499)
	at java.base/java.lang.reflect.Constructor.newInstance(Constructor.java:480)
	at org.openqa.selenium.remote.ErrorCodec.decode(ErrorCodec.java:167)
	at org.openqa.selenium.remote.codec.w3c.W3CHttpResponseCodec.decode(W3CHttpResponseCodec.java:138)
	at org.openqa.selenium.remote.codec.w3c.W3CHttpResponseCodec.decode(W3CHttpResponseCodec.java:50)
	at org.openqa.selenium.remote.HttpCommandExecutor.execute(HttpCommandExecutor.java:190)
	at org.openqa.selenium.remote.service.DriverCommandExecutor.invokeExecute(DriverCommandExecutor.java:216)
	at org.openqa.selenium.remote.service.DriverCommandExecutor.execute(DriverCommandExecutor.java:174)
	at org.openqa.selenium.remote.RemoteWebDriver.execute(RemoteWebDriver.java:545)
	at org.openqa.selenium.remote.ElementLocation$ElementFinder$2.findElement(ElementLocation.java:165)
	at org.openqa.selenium.remote.ElementLocation.findElement(ElementLocation.java:59)
	at org.openqa.selenium.remote.RemoteWebDriver.findElement(RemoteWebDriver.java:368)
	at org.openqa.selenium.remote.RemoteWebDriver.findElement(RemoteWebDriver.java:362)
	at com.aplikasihadir.steps.posisi.posisidefinition.step07(posisidefinition.java:69)
	at ?.Posisi berhasil ditambahkan(file:///G:/applications/Java-program/Aplikasi%20Hadir-Revisi/src/test/resources/features/10_TambahPosisi.feature:12)
</pre></div></td>
<td>27</td>
<td>com.aplikasihadir.runners.RunnerTest@7b2bbc3</td></tr>
<tr>
<td title='com.aplikasihadir.runners.RunnerTest.runScenario()'><b>runScenario</b><br>Test class: com.aplikasihadir.runners.RunnerTest<br>Test method: Runs Cucumber Scenarios<br>Parameters: "Admin mengedit posisi", "Tambah Posisi"</td>
<td><div><pre>org.openqa.selenium.NoSuchElementException: no such element: Unable to locate element: {&quot;method&quot;:&quot;xpath&quot;,&quot;selector&quot;:&quot;//h6[(text() = &apos;Admin 2&apos; or . = &apos;Admin 2&apos;)]&quot;}
  (Session info: chrome=133.0.6943.142)
For documentation on this error, please visit: https://www.selenium.dev/documentation/webdriver/troubleshooting/errors#no-such-element-exception
Build info: version: &apos;4.27.0&apos;, revision: &apos;d6e718d134&apos;
System info: os.name: &apos;Windows 11&apos;, os.arch: &apos;amd64&apos;, os.version: &apos;10.0&apos;, java.version: &apos;17.0.12&apos;
Driver info: org.openqa.selenium.chrome.ChromeDriver
Command: [4b3f5d7c3a7aa9c8129c7a9b7d0ec408, findElement {using=xpath, value=//h6[(text() = &apos;Admin 2&apos; or . = &apos;Admin 2&apos;)]}]
Capabilities {acceptInsecureCerts: false, browserName: chrome, browserVersion: 133.0.6943.142, chrome: {chromedriverVersion: 133.0.6943.141 (2a5d6da0d61..., userDataDir: C:\Users\GLENAD~1\AppData\L...}, fedcm:accounts: true, goog:chromeOptions: {debuggerAddress: localhost:51764}, networkConnectionEnabled: false, pageLoadStrategy: normal, platformName: windows, proxy: Proxy(), se:cdp: ws://localhost:51764/devtoo..., se:cdpVersion: 133.0.6943.142, setWindowRect: true, strictFileInteractability: false, timeouts: {implicit: 0, pageLoad: 300000, script: 30000}, unhandledPromptBehavior: dismiss and notify, webauthn:extension:credBlob: true, webauthn:extension:largeBlob: true, webauthn:extension:minPinLength: true, webauthn:extension:prf: true, webauthn:virtualAuthenticators: true}
Session ID: 4b3f5d7c3a7aa9c8129c7a9b7d0ec408
	at org.openqa.selenium.remote.ErrorCodec.decode(ErrorCodec.java:167)
	at org.openqa.selenium.remote.codec.w3c.W3CHttpResponseCodec.decode(W3CHttpResponseCodec.java:138)
	at org.openqa.selenium.remote.codec.w3c.W3CHttpResponseCodec.decode(W3CHttpResponseCodec.java:50)
	at org.openqa.selenium.remote.HttpCommandExecutor.execute(HttpCommandExecutor.java:190)
	at org.openqa.selenium.remote.service.DriverCommandExecutor.invokeExecute(DriverCommandExecutor.java:216)
	at org.openqa.selenium.remote.service.DriverCommandExecutor.execute(DriverCommandExecutor.java:174)
	at org.openqa.selenium.remote.RemoteWebDriver.execute(RemoteWebDriver.java:545)
	at org.openqa.selenium.remote.ElementLocation$ElementFinder$2.findElement(ElementLocation.java:165)
	at org.openqa.selenium.remote.ElementLocation.findElement(ElementLocation.java:59)
	at org.openqa.selenium.remote.RemoteWebDriver.findElement(RemoteWebDriver.java:368)
	at org.openqa.selenium.remote.RemoteWebDriver.findElement(RemoteWebDriver.java:362)
	at org.openqa.selenium.support.pagefactory.DefaultElementLocator.findElement(DefaultElementLocator.java:68)
	at org.openqa.selenium.support.pagefactory.internal.LocatingElementHandler.invoke(LocatingElementHandler.java:38)
	at jdk.proxy2/jdk.proxy2.$Proxy25.getText(Unknown Source)
	at com.aplikasihadir.pages.editposisipage.verify(editposisipage.java:94)
	at com.aplikasihadir.steps.posisi.editposisidefinition.step07(editposisidefinition.java:62)
	at ?.List yang diperbaharui menjadi &quot;Admin 2&quot;(file:///G:/applications/Java-program/Aplikasi%20Hadir-Revisi/src/test/resources/features/15_EditPosisi.feature:12)
... Removed 5 stack frames</pre></div><a href='#' onClick='toggleBox("stack-trace1745328286", this, "Click to show all stack frames", "Click to hide stack frames")'>Click to show all stack frames</a>
<div class='stack-trace' id='stack-trace1745328286'><pre>org.openqa.selenium.NoSuchElementException: no such element: Unable to locate element: {&quot;method&quot;:&quot;xpath&quot;,&quot;selector&quot;:&quot;//h6[(text() = &apos;Admin 2&apos; or . = &apos;Admin 2&apos;)]&quot;}
  (Session info: chrome=133.0.6943.142)
For documentation on this error, please visit: https://www.selenium.dev/documentation/webdriver/troubleshooting/errors#no-such-element-exception
Build info: version: &apos;4.27.0&apos;, revision: &apos;d6e718d134&apos;
System info: os.name: &apos;Windows 11&apos;, os.arch: &apos;amd64&apos;, os.version: &apos;10.0&apos;, java.version: &apos;17.0.12&apos;
Driver info: org.openqa.selenium.chrome.ChromeDriver
Command: [4b3f5d7c3a7aa9c8129c7a9b7d0ec408, findElement {using=xpath, value=//h6[(text() = &apos;Admin 2&apos; or . = &apos;Admin 2&apos;)]}]
Capabilities {acceptInsecureCerts: false, browserName: chrome, browserVersion: 133.0.6943.142, chrome: {chromedriverVersion: 133.0.6943.141 (2a5d6da0d61..., userDataDir: C:\Users\GLENAD~1\AppData\L...}, fedcm:accounts: true, goog:chromeOptions: {debuggerAddress: localhost:51764}, networkConnectionEnabled: false, pageLoadStrategy: normal, platformName: windows, proxy: Proxy(), se:cdp: ws://localhost:51764/devtoo..., se:cdpVersion: 133.0.6943.142, setWindowRect: true, strictFileInteractability: false, timeouts: {implicit: 0, pageLoad: 300000, script: 30000}, unhandledPromptBehavior: dismiss and notify, webauthn:extension:credBlob: true, webauthn:extension:largeBlob: true, webauthn:extension:minPinLength: true, webauthn:extension:prf: true, webauthn:virtualAuthenticators: true}
Session ID: 4b3f5d7c3a7aa9c8129c7a9b7d0ec408
	at java.base/jdk.internal.reflect.NativeConstructorAccessorImpl.newInstance0(Native Method)
	at java.base/jdk.internal.reflect.NativeConstructorAccessorImpl.newInstance(NativeConstructorAccessorImpl.java:77)
	at java.base/jdk.internal.reflect.DelegatingConstructorAccessorImpl.newInstance(DelegatingConstructorAccessorImpl.java:45)
	at java.base/java.lang.reflect.Constructor.newInstanceWithCaller(Constructor.java:499)
	at java.base/java.lang.reflect.Constructor.newInstance(Constructor.java:480)
	at org.openqa.selenium.remote.ErrorCodec.decode(ErrorCodec.java:167)
	at org.openqa.selenium.remote.codec.w3c.W3CHttpResponseCodec.decode(W3CHttpResponseCodec.java:138)
	at org.openqa.selenium.remote.codec.w3c.W3CHttpResponseCodec.decode(W3CHttpResponseCodec.java:50)
	at org.openqa.selenium.remote.HttpCommandExecutor.execute(HttpCommandExecutor.java:190)
	at org.openqa.selenium.remote.service.DriverCommandExecutor.invokeExecute(DriverCommandExecutor.java:216)
	at org.openqa.selenium.remote.service.DriverCommandExecutor.execute(DriverCommandExecutor.java:174)
	at org.openqa.selenium.remote.RemoteWebDriver.execute(RemoteWebDriver.java:545)
	at org.openqa.selenium.remote.ElementLocation$ElementFinder$2.findElement(ElementLocation.java:165)
	at org.openqa.selenium.remote.ElementLocation.findElement(ElementLocation.java:59)
	at org.openqa.selenium.remote.RemoteWebDriver.findElement(RemoteWebDriver.java:368)
	at org.openqa.selenium.remote.RemoteWebDriver.findElement(RemoteWebDriver.java:362)
	at org.openqa.selenium.support.pagefactory.DefaultElementLocator.findElement(DefaultElementLocator.java:68)
	at org.openqa.selenium.support.pagefactory.internal.LocatingElementHandler.invoke(LocatingElementHandler.java:38)
	at jdk.proxy2/jdk.proxy2.$Proxy25.getText(Unknown Source)
	at com.aplikasihadir.pages.editposisipage.verify(editposisipage.java:94)
	at com.aplikasihadir.steps.posisi.editposisidefinition.step07(editposisidefinition.java:62)
	at ?.List yang diperbaharui menjadi &quot;Admin 2&quot;(file:///G:/applications/Java-program/Aplikasi%20Hadir-Revisi/src/test/resources/features/15_EditPosisi.feature:12)
</pre></div></td>
<td>39</td>
<td>com.aplikasihadir.runners.RunnerTest@7b2bbc3</td></tr>
<tr>
<td title='com.aplikasihadir.runners.RunnerTest.runScenario()'><b>runScenario</b><br>Test class: com.aplikasihadir.runners.RunnerTest<br>Test method: Runs Cucumber Scenarios<br>Parameters: "Admin menambahkan posisi baru", "Tambah Posisi"</td>
<td><div><pre>org.openqa.selenium.NoSuchElementException: no such element: Unable to locate element: {&quot;method&quot;:&quot;xpath&quot;,&quot;selector&quot;:&quot;//input[@id = &apos;name&apos; and @name = &apos;name&apos; and @placeholder = &apos;Nama Position&apos; and @type = &apos;text&apos;]&quot;}
  (Session info: chrome=133.0.6943.142)
For documentation on this error, please visit: https://www.selenium.dev/documentation/webdriver/troubleshooting/errors#no-such-element-exception
Build info: version: &apos;4.27.0&apos;, revision: &apos;d6e718d134&apos;
System info: os.name: &apos;Windows 11&apos;, os.arch: &apos;amd64&apos;, os.version: &apos;10.0&apos;, java.version: &apos;17.0.12&apos;
Driver info: org.openqa.selenium.chrome.ChromeDriver
Command: [4b3f5d7c3a7aa9c8129c7a9b7d0ec408, findElement {using=xpath, value=//input[@id = &apos;name&apos; and @name = &apos;name&apos; and @placeholder = &apos;Nama Position&apos; and @type = &apos;text&apos;]}]
Capabilities {acceptInsecureCerts: false, browserName: chrome, browserVersion: 133.0.6943.142, chrome: {chromedriverVersion: 133.0.6943.141 (2a5d6da0d61..., userDataDir: C:\Users\GLENAD~1\AppData\L...}, fedcm:accounts: true, goog:chromeOptions: {debuggerAddress: localhost:51764}, networkConnectionEnabled: false, pageLoadStrategy: normal, platformName: windows, proxy: Proxy(), se:cdp: ws://localhost:51764/devtoo..., se:cdpVersion: 133.0.6943.142, setWindowRect: true, strictFileInteractability: false, timeouts: {implicit: 0, pageLoad: 300000, script: 30000}, unhandledPromptBehavior: dismiss and notify, webauthn:extension:credBlob: true, webauthn:extension:largeBlob: true, webauthn:extension:minPinLength: true, webauthn:extension:prf: true, webauthn:virtualAuthenticators: true}
Session ID: 4b3f5d7c3a7aa9c8129c7a9b7d0ec408
	at org.openqa.selenium.remote.ErrorCodec.decode(ErrorCodec.java:167)
	at org.openqa.selenium.remote.codec.w3c.W3CHttpResponseCodec.decode(W3CHttpResponseCodec.java:138)
	at org.openqa.selenium.remote.codec.w3c.W3CHttpResponseCodec.decode(W3CHttpResponseCodec.java:50)
	at org.openqa.selenium.remote.HttpCommandExecutor.execute(HttpCommandExecutor.java:190)
	at org.openqa.selenium.remote.service.DriverCommandExecutor.invokeExecute(DriverCommandExecutor.java:216)
	at org.openqa.selenium.remote.service.DriverCommandExecutor.execute(DriverCommandExecutor.java:174)
	at org.openqa.selenium.remote.RemoteWebDriver.execute(RemoteWebDriver.java:545)
	at org.openqa.selenium.remote.ElementLocation$ElementFinder$2.findElement(ElementLocation.java:165)
	at org.openqa.selenium.remote.ElementLocation.findElement(ElementLocation.java:59)
	at org.openqa.selenium.remote.RemoteWebDriver.findElement(RemoteWebDriver.java:368)
	at org.openqa.selenium.remote.RemoteWebDriver.findElement(RemoteWebDriver.java:362)
	at com.aplikasihadir.steps.posisi.posisiDataDuplikatdefinition.step07(posisiDataDuplikatdefinition.java:69)
	at ?.Pengguna gagal menambahkan data(file:///G:/applications/Java-program/Aplikasi%20Hadir-Revisi/src/test/resources/features/14_TambahPosisiDataDuplikat.feature:12)
... Removed 5 stack frames</pre></div><a href='#' onClick='toggleBox("stack-trace1042772649", this, "Click to show all stack frames", "Click to hide stack frames")'>Click to show all stack frames</a>
<div class='stack-trace' id='stack-trace1042772649'><pre>org.openqa.selenium.NoSuchElementException: no such element: Unable to locate element: {&quot;method&quot;:&quot;xpath&quot;,&quot;selector&quot;:&quot;//input[@id = &apos;name&apos; and @name = &apos;name&apos; and @placeholder = &apos;Nama Position&apos; and @type = &apos;text&apos;]&quot;}
  (Session info: chrome=133.0.6943.142)
For documentation on this error, please visit: https://www.selenium.dev/documentation/webdriver/troubleshooting/errors#no-such-element-exception
Build info: version: &apos;4.27.0&apos;, revision: &apos;d6e718d134&apos;
System info: os.name: &apos;Windows 11&apos;, os.arch: &apos;amd64&apos;, os.version: &apos;10.0&apos;, java.version: &apos;17.0.12&apos;
Driver info: org.openqa.selenium.chrome.ChromeDriver
Command: [4b3f5d7c3a7aa9c8129c7a9b7d0ec408, findElement {using=xpath, value=//input[@id = &apos;name&apos; and @name = &apos;name&apos; and @placeholder = &apos;Nama Position&apos; and @type = &apos;text&apos;]}]
Capabilities {acceptInsecureCerts: false, browserName: chrome, browserVersion: 133.0.6943.142, chrome: {chromedriverVersion: 133.0.6943.141 (2a5d6da0d61..., userDataDir: C:\Users\GLENAD~1\AppData\L...}, fedcm:accounts: true, goog:chromeOptions: {debuggerAddress: localhost:51764}, networkConnectionEnabled: false, pageLoadStrategy: normal, platformName: windows, proxy: Proxy(), se:cdp: ws://localhost:51764/devtoo..., se:cdpVersion: 133.0.6943.142, setWindowRect: true, strictFileInteractability: false, timeouts: {implicit: 0, pageLoad: 300000, script: 30000}, unhandledPromptBehavior: dismiss and notify, webauthn:extension:credBlob: true, webauthn:extension:largeBlob: true, webauthn:extension:minPinLength: true, webauthn:extension:prf: true, webauthn:virtualAuthenticators: true}
Session ID: 4b3f5d7c3a7aa9c8129c7a9b7d0ec408
	at java.base/jdk.internal.reflect.NativeConstructorAccessorImpl.newInstance0(Native Method)
	at java.base/jdk.internal.reflect.NativeConstructorAccessorImpl.newInstance(NativeConstructorAccessorImpl.java:77)
	at java.base/jdk.internal.reflect.DelegatingConstructorAccessorImpl.newInstance(DelegatingConstructorAccessorImpl.java:45)
	at java.base/java.lang.reflect.Constructor.newInstanceWithCaller(Constructor.java:499)
	at java.base/java.lang.reflect.Constructor.newInstance(Constructor.java:480)
	at org.openqa.selenium.remote.ErrorCodec.decode(ErrorCodec.java:167)
	at org.openqa.selenium.remote.codec.w3c.W3CHttpResponseCodec.decode(W3CHttpResponseCodec.java:138)
	at org.openqa.selenium.remote.codec.w3c.W3CHttpResponseCodec.decode(W3CHttpResponseCodec.java:50)
	at org.openqa.selenium.remote.HttpCommandExecutor.execute(HttpCommandExecutor.java:190)
	at org.openqa.selenium.remote.service.DriverCommandExecutor.invokeExecute(DriverCommandExecutor.java:216)
	at org.openqa.selenium.remote.service.DriverCommandExecutor.execute(DriverCommandExecutor.java:174)
	at org.openqa.selenium.remote.RemoteWebDriver.execute(RemoteWebDriver.java:545)
	at org.openqa.selenium.remote.ElementLocation$ElementFinder$2.findElement(ElementLocation.java:165)
	at org.openqa.selenium.remote.ElementLocation.findElement(ElementLocation.java:59)
	at org.openqa.selenium.remote.RemoteWebDriver.findElement(RemoteWebDriver.java:368)
	at org.openqa.selenium.remote.RemoteWebDriver.findElement(RemoteWebDriver.java:362)
	at com.aplikasihadir.steps.posisi.posisiDataDuplikatdefinition.step07(posisiDataDuplikatdefinition.java:69)
	at ?.Pengguna gagal menambahkan data(file:///G:/applications/Java-program/Aplikasi%20Hadir-Revisi/src/test/resources/features/14_TambahPosisiDataDuplikat.feature:12)
</pre></div></td>
<td>27</td>
<td>com.aplikasihadir.runners.RunnerTest@7b2bbc3</td></tr>
</table><p>
<table width='100%' border='1' class='invocation-passed'>
<tr><td colspan='4' align='center'><b>PASSED TESTS</b></td></tr>
<tr><td><b>Test method</b></td>
<td><b>Attribute(s)</b></td>
<td width="30%"><b>Exception</b></td>
<td width="10%"><b>Time (seconds)</b></td>
<td><b>Instance</b></td>
</tr>
<tr>
<td title='com.aplikasihadir.runners.RunnerTest.runScenario()'><b>runScenario</b><br>Test class: com.aplikasihadir.runners.RunnerTest<br>Test method: Runs Cucumber Scenarios<br>Parameters: "Admin mengedit posisi", "Tambah Posisi"</td>
<td></td>
<td>18</td>
<td>com.aplikasihadir.runners.RunnerTest@7b2bbc3</td></tr>
<tr>
<td title='com.aplikasihadir.runners.RunnerTest.runScenario()'><b>runScenario</b><br>Test class: com.aplikasihadir.runners.RunnerTest<br>Test method: Runs Cucumber Scenarios<br>Parameters: "Admin menambahkan departement baru", "Tambah Departements Setting"</td>
<td></td>
<td>13</td>
<td>com.aplikasihadir.runners.RunnerTest@7b2bbc3</td></tr>
<tr>
<td title='com.aplikasihadir.runners.RunnerTest.runScenario()'><b>runScenario</b><br>Test class: com.aplikasihadir.runners.RunnerTest<br>Test method: Runs Cucumber Scenarios<br>Parameters: "Mencoba kembali absen keluar setelah sudah melakukan absen keluar sebelumnya", "Absen Masuk dan Keluar"</td>
<td></td>
<td>12</td>
<td>com.aplikasihadir.runners.RunnerTest@7b2bbc3</td></tr>
<tr>
<td title='com.aplikasihadir.runners.RunnerTest.runScenario()'><b>runScenario</b><br>Test class: com.aplikasihadir.runners.RunnerTest<br>Test method: Runs Cucumber Scenarios<br>Parameters: "Admin menambahkan departement baru", "Tambah Departements Setting"</td>
<td></td>
<td>8</td>
<td>com.aplikasihadir.runners.RunnerTest@7b2bbc3</td></tr>
<tr>
<td title='com.aplikasihadir.runners.RunnerTest.runScenario()'><b>runScenario</b><br>Test class: com.aplikasihadir.runners.RunnerTest<br>Test method: Runs Cucumber Scenarios<br>Parameters: "Admin menambahkan posisi baru", "Tambah Posisi"</td>
<td></td>
<td>16</td>
<td>com.aplikasihadir.runners.RunnerTest@7b2bbc3</td></tr>
<tr>
<td title='com.aplikasihadir.runners.RunnerTest.runScenario()'><b>runScenario</b><br>Test class: com.aplikasihadir.runners.RunnerTest<br>Test method: Runs Cucumber Scenarios<br>Parameters: "Absensi masuk dan keluar dan keluar dalam satu hari", "Absen Masuk dan Keluar"</td>
<td></td>
<td>65</td>
<td>com.aplikasihadir.runners.RunnerTest@7b2bbc3</td></tr>
<tr>
<td title='com.aplikasihadir.runners.RunnerTest.runScenario()'><b>runScenario</b><br>Test class: com.aplikasihadir.runners.RunnerTest<br>Test method: Runs Cucumber Scenarios<br>Parameters: "Melakukan koreksi absen setelah melakukan absensi dengan mengisi semua field dengan data Tipe absen "WFO"", "Pengujian Fitur Koreksi Absen di Aplikasi Hadir"</td>
<td></td>
<td>44</td>
<td>com.aplikasihadir.runners.RunnerTest@7b2bbc3</td></tr>
<tr>
<td title='com.aplikasihadir.runners.RunnerTest.runScenario()'><b>runScenario</b><br>Test class: com.aplikasihadir.runners.RunnerTest<br>Test method: Runs Cucumber Scenarios<br>Parameters: "Absensi masuk dan keluar dan keluar dalam satu hari", "Absen Masuk dan Keluar"</td>
<td></td>
<td>69</td>
<td>com.aplikasihadir.runners.RunnerTest@7b2bbc3</td></tr>
<tr>
<td title='com.aplikasihadir.runners.RunnerTest.runScenario()'><b>runScenario</b><br>Test class: com.aplikasihadir.runners.RunnerTest<br>Test method: Runs Cucumber Scenarios<br>Parameters: "Melakukan koreksi absen setelah melakukan absensi dengan mengisi semua field dengan data Tipe absen "WFH"", "Pengujian Fitur Koreksi Absen di Aplikasi Hadir"</td>
<td></td>
<td>37</td>
<td>com.aplikasihadir.runners.RunnerTest@7b2bbc3</td></tr>
<tr>
<td title='com.aplikasihadir.runners.RunnerTest.runScenario()'><b>runScenario</b><br>Test class: com.aplikasihadir.runners.RunnerTest<br>Test method: Runs Cucumber Scenarios<br>Parameters: "Mendownload File Template Untuk Data Import", "Pengujian Fitur Aplikasi Hadir"</td>
<td></td>
<td>1</td>
<td>com.aplikasihadir.runners.RunnerTest@7b2bbc3</td></tr>
<tr>
<td title='com.aplikasihadir.runners.RunnerTest.runScenario()'><b>runScenario</b><br>Test class: com.aplikasihadir.runners.RunnerTest<br>Test method: Runs Cucumber Scenarios<br>Parameters: "Admin menambahkan posisi baru", "Tambah Posisi departemen kosong"</td>
<td></td>
<td>15</td>
<td>com.aplikasihadir.runners.RunnerTest@7b2bbc3</td></tr>
<tr>
<td title='com.aplikasihadir.runners.RunnerTest.runScenario()'><b>runScenario</b><br>Test class: com.aplikasihadir.runners.RunnerTest<br>Test method: Runs Cucumber Scenarios<br>Parameters: "Melakukan pengajuan izin pulang cepat dengan mengosongkan semua field", "Pengujian Fitur Izin Pulang Cepat di Aplikasi Hadir Mobile"</td>
<td></td>
<td>3</td>
<td>com.aplikasihadir.runners.RunnerTest@7b2bbc3</td></tr>
<tr>
<td title='com.aplikasihadir.runners.RunnerTest.runScenario()'><b>runScenario</b><br>Test class: com.aplikasihadir.runners.RunnerTest<br>Test method: Runs Cucumber Scenarios<br>Parameters: "Admin hapus posisi", "Tambah Posisi"</td>
<td></td>
<td>23</td>
<td>com.aplikasihadir.runners.RunnerTest@7b2bbc3</td></tr>
<tr>
<td title='com.aplikasihadir.runners.RunnerTest.runScenario()'><b>runScenario</b><br>Test class: com.aplikasihadir.runners.RunnerTest<br>Test method: Runs Cucumber Scenarios<br>Parameters: "Melakukan pengajuan izin pulang cepat dengan mengisi semua field dengan data yang valid", "Pengujian Fitur Izin Pulang Cepat di Aplikasi Hadir Mobile"</td>
<td></td>
<td>13</td>
<td>com.aplikasihadir.runners.RunnerTest@7b2bbc3</td></tr>
<tr>
<td title='com.aplikasihadir.runners.RunnerTest.runScenario()'><b>runScenario</b><br>Test class: com.aplikasihadir.runners.RunnerTest<br>Test method: Runs Cucumber Scenarios<br>Parameters: "Melakukan pengajuan izin terlambat dengan mengosongkan semua field", "Pengujian Fitur Izin Terlambat di Aplikasi Hadir Mobile"</td>
<td></td>
<td>4</td>
<td>com.aplikasihadir.runners.RunnerTest@7b2bbc3</td></tr>
<tr>
<td title='com.aplikasihadir.runners.RunnerTest.runScenario()'><b>runScenario</b><br>Test class: com.aplikasihadir.runners.RunnerTest<br>Test method: Runs Cucumber Scenarios<br>Parameters: "Melakukan koreksi absen dengan mengisi salah satu field yaitu jam masuk saja", "Pengujian Fitur Koreksi Absen di Aplikasi Hadir"</td>
<td></td>
<td>17</td>
<td>com.aplikasihadir.runners.RunnerTest@7b2bbc3</td></tr>
<tr>
<td title='com.aplikasihadir.runners.RunnerTest.runScenario()'><b>runScenario</b><br>Test class: com.aplikasihadir.runners.RunnerTest<br>Test method: Runs Cucumber Scenarios<br>Parameters: "Melakukan pengajuan izin off dan mengisi semua field dengan kondisi terdapat data yang belum di approve", "Pengujian Fitur Izin Off di Aplikasi Hadir Mobile"</td>
<td></td>
<td>11</td>
<td>com.aplikasihadir.runners.RunnerTest@7b2bbc3</td></tr>
<tr>
<td title='com.aplikasihadir.runners.RunnerTest.runScenario()'><b>runScenario</b><br>Test class: com.aplikasihadir.runners.RunnerTest<br>Test method: Runs Cucumber Scenarios<br>Parameters: "Mencoba kembali absen masuk setelah sudah melakukan absen masuk sebelumnya", "Absen Masuk dan Keluar"</td>
<td></td>
<td>15</td>
<td>com.aplikasihadir.runners.RunnerTest@7b2bbc3</td></tr>
<tr>
<td title='com.aplikasihadir.runners.RunnerTest.runScenario()'><b>runScenario</b><br>Test class: com.aplikasihadir.runners.RunnerTest<br>Test method: Runs Cucumber Scenarios<br>Parameters: "Menguji Upload File Excel Kosongan dalam Import Status", "Pengujian Fitur Aplikasi Hadir"</td>
<td></td>
<td>7</td>
<td>com.aplikasihadir.runners.RunnerTest@7b2bbc3</td></tr>
<tr>
<td title='com.aplikasihadir.runners.RunnerTest.runScenario()'><b>runScenario</b><br>Test class: com.aplikasihadir.runners.RunnerTest<br>Test method: Runs Cucumber Scenarios<br>Parameters: "Melakukan pengajuan izin terlambat dengan mengisi semua field dengan data yang valid dan terdapat izin terlambat yang belum di approve", "Pengujian Fitur Izin Terlambat di Aplikasi Hadir Mobile"</td>
<td></td>
<td>23</td>
<td>com.aplikasihadir.runners.RunnerTest@7b2bbc3</td></tr>
<tr>
<td title='com.aplikasihadir.runners.RunnerTest.runScenario()'><b>runScenario</b><br>Test class: com.aplikasihadir.runners.RunnerTest<br>Test method: Runs Cucumber Scenarios<br>Parameters: "Menguji Upload File dalam Import Status (Selain Excel)", "Pengujian Fitur Aplikasi Hadir"</td>
<td></td>
<td>6</td>
<td>com.aplikasihadir.runners.RunnerTest@7b2bbc3</td></tr>
<tr>
<td title='com.aplikasihadir.runners.RunnerTest.runScenario()'><b>runScenario</b><br>Test class: com.aplikasihadir.runners.RunnerTest<br>Test method: Runs Cucumber Scenarios<br>Parameters: "Melakukan pengajuan izin Off dengan mengosongkan semua field", "Pengujian Fitur Izin Off di Aplikasi Hadir Mobile"</td>
<td></td>
<td>5</td>
<td>com.aplikasihadir.runners.RunnerTest@7b2bbc3</td></tr>
<tr>
<td title='com.aplikasihadir.runners.RunnerTest.runScenario()'><b>runScenario</b><br>Test class: com.aplikasihadir.runners.RunnerTest<br>Test method: Runs Cucumber Scenarios<br>Parameters: "Menguji Upload File dalam Import Status", "Pengujian Fitur Aplikasi Hadir"</td>
<td></td>
<td>11</td>
<td>com.aplikasihadir.runners.RunnerTest@7b2bbc3</td></tr>
<tr>
<td title='com.aplikasihadir.runners.RunnerTest.runScenario()'><b>runScenario</b><br>Test class: com.aplikasihadir.runners.RunnerTest<br>Test method: Runs Cucumber Scenarios<br>Parameters: "Admin hapus posisi", "Tambah Posisi"</td>
<td></td>
<td>13</td>
<td>com.aplikasihadir.runners.RunnerTest@7b2bbc3</td></tr>
<tr>
<td title='com.aplikasihadir.runners.RunnerTest.runScenario()'><b>runScenario</b><br>Test class: com.aplikasihadir.runners.RunnerTest<br>Test method: Runs Cucumber Scenarios<br>Parameters: "Melakukan koreksi absen setelah melakukan absensi dengan mengosongkan semua field", "Pengujian Fitur Koreksi Absen di Aplikasi Hadir"</td>
<td></td>
<td>10</td>
<td>com.aplikasihadir.runners.RunnerTest@7b2bbc3</td></tr>
<tr>
<td title='com.aplikasihadir.runners.RunnerTest.runScenario()'><b>runScenario</b><br>Test class: com.aplikasihadir.runners.RunnerTest<br>Test method: Runs Cucumber Scenarios<br>Parameters: "Admin menambahkan posisi baru", "Tambah Posisi"</td>
<td></td>
<td>13</td>
<td>com.aplikasihadir.runners.RunnerTest@7b2bbc3</td></tr>
<tr>
<td title='com.aplikasihadir.runners.RunnerTest.runScenario()'><b>runScenario</b><br>Test class: com.aplikasihadir.runners.RunnerTest<br>Test method: Runs Cucumber Scenarios<br>Parameters: "Absensi masuk dan keluar dan keluar dalam satu hari", "Absen Masuk dan Keluar"</td>
<td></td>
<td>67</td>
<td>com.aplikasihadir.runners.RunnerTest@7b2bbc3</td></tr>
<tr>
<td title='com.aplikasihadir.runners.RunnerTest.runScenario()'><b>runScenario</b><br>Test class: com.aplikasihadir.runners.RunnerTest<br>Test method: Runs Cucumber Scenarios<br>Parameters: "Absensi masuk dan keluar dan keluar dalam satu hari", "Absen Masuk dan Keluar"</td>
<td></td>
<td>69</td>
<td>com.aplikasihadir.runners.RunnerTest@7b2bbc3</td></tr>
<tr>
<td title='com.aplikasihadir.runners.RunnerTest.runScenario()'><b>runScenario</b><br>Test class: com.aplikasihadir.runners.RunnerTest<br>Test method: Runs Cucumber Scenarios<br>Parameters: "Admin menambahkan departement baru dengan data duplikat", "Tambah Departements Setting Data Duplikat"</td>
<td></td>
<td>13</td>
<td>com.aplikasihadir.runners.RunnerTest@7b2bbc3</td></tr>
<tr>
<td title='com.aplikasihadir.runners.RunnerTest.runScenario()'><b>runScenario</b><br>Test class: com.aplikasihadir.runners.RunnerTest<br>Test method: Runs Cucumber Scenarios<br>Parameters: "Admin menambahkan departement baru dengan data kosong", "Tambah Departements Setting Data Kosong"</td>
<td></td>
<td>14</td>
<td>com.aplikasihadir.runners.RunnerTest@7b2bbc3</td></tr>
</table><p>
</body>
</html>